[0.979s] Invoking command in '/home/lukevizzini/arm_new/arm_code/build/arm_launch': AMENT_PREFIX_PATH=/home/lukevizzini/arm_new/arm_code/install/arm_bringup:/home/lukevizzini/arm_new/arm_code/install/arm_description:/home/lukevizzini/arm_new/arm_code/install/arm_teleop:/home/lukevizzini/arm_new/arm_code/install/arm_pwm_bridge:/home/lukevizzini/arm_new/arm_code/install/arm_config:${AMENT_PREFIX_PATH} CMAKE_PREFIX_PATH=/home/lukevizzini/arm_new/arm_code/install/arm_bringup:/home/lukevizzini/arm_new/arm_code/install/arm_description:/home/lukevizzini/arm_new/arm_code/install/arm_config:/opt/ros/humble PYTHONPATH=/home/lukevizzini/arm_new/arm_code/build/arm_teleop:/home/lukevizzini/arm_new/arm_code/install/arm_teleop/lib/python3.10/site-packages:/home/lukevizzini/arm_new/arm_code/build/arm_pwm_bridge:/home/lukevizzini/arm_new/arm_code/install/arm_pwm_bridge/lib/python3.10/site-packages:${PYTHONPATH} /usr/bin/cmake /home/lukevizzini/arm_new/arm_code/src/launch -DAMENT_CMAKE_SYMLINK_INSTALL=1 -DCMAKE_INSTALL_PREFIX=/home/lukevizzini/arm_new/arm_code/install/arm_launch
[1.250s] -- The C compiler identification is GNU 11.4.0
[2.346s] -- The CXX compiler identification is GNU 11.4.0
[3.113s] -- Detecting C compiler ABI info
[3.414s] -- Detecting C compiler ABI info - done
[3.422s] -- Check for working C compiler: /usr/bin/cc - skipped
[3.422s] -- Detecting C compile features
[3.423s] -- Detecting C compile features - done
[3.427s] -- Detecting CXX compiler ABI info
[3.685s] -- Detecting CXX compiler ABI info - done
[3.695s] -- Check for working CXX compiler: /usr/bin/c++ - skipped
[3.695s] -- Detecting CXX compile features
[3.696s] -- Detecting CXX compile features - done
[3.699s] -- Found ament_cmake: 1.3.11 (/opt/ros/humble/share/ament_cmake/cmake)
[3.881s] -- Found Python3: /usr/bin/python3 (found version "3.10.12") found components: Interpreter 
[3.972s] -- Override CMake install command with custom implementation using symlinks instead of copying resources
[4.075s] -- Configuring done
[4.102s] -- Generating done
[4.104s] -- Build files have been written to: /home/lukevizzini/arm_new/arm_code/build/arm_launch
[4.109s] Invoked command in '/home/lukevizzini/arm_new/arm_code/build/arm_launch' returned '0': AMENT_PREFIX_PATH=/home/lukevizzini/arm_new/arm_code/install/arm_bringup:/home/lukevizzini/arm_new/arm_code/install/arm_description:/home/lukevizzini/arm_new/arm_code/install/arm_teleop:/home/lukevizzini/arm_new/arm_code/install/arm_pwm_bridge:/home/lukevizzini/arm_new/arm_code/install/arm_config:${AMENT_PREFIX_PATH} CMAKE_PREFIX_PATH=/home/lukevizzini/arm_new/arm_code/install/arm_bringup:/home/lukevizzini/arm_new/arm_code/install/arm_description:/home/lukevizzini/arm_new/arm_code/install/arm_config:/opt/ros/humble PYTHONPATH=/home/lukevizzini/arm_new/arm_code/build/arm_teleop:/home/lukevizzini/arm_new/arm_code/install/arm_teleop/lib/python3.10/site-packages:/home/lukevizzini/arm_new/arm_code/build/arm_pwm_bridge:/home/lukevizzini/arm_new/arm_code/install/arm_pwm_bridge/lib/python3.10/site-packages:${PYTHONPATH} /usr/bin/cmake /home/lukevizzini/arm_new/arm_code/src/launch -DAMENT_CMAKE_SYMLINK_INSTALL=1 -DCMAKE_INSTALL_PREFIX=/home/lukevizzini/arm_new/arm_code/install/arm_launch
[4.112s] Invoking command in '/home/lukevizzini/arm_new/arm_code/build/arm_launch': AMENT_PREFIX_PATH=/home/lukevizzini/arm_new/arm_code/install/arm_bringup:/home/lukevizzini/arm_new/arm_code/install/arm_description:/home/lukevizzini/arm_new/arm_code/install/arm_teleop:/home/lukevizzini/arm_new/arm_code/install/arm_pwm_bridge:/home/lukevizzini/arm_new/arm_code/install/arm_config:${AMENT_PREFIX_PATH} CMAKE_PREFIX_PATH=/home/lukevizzini/arm_new/arm_code/install/arm_bringup:/home/lukevizzini/arm_new/arm_code/install/arm_description:/home/lukevizzini/arm_new/arm_code/install/arm_config:/opt/ros/humble PYTHONPATH=/home/lukevizzini/arm_new/arm_code/build/arm_teleop:/home/lukevizzini/arm_new/arm_code/install/arm_teleop/lib/python3.10/site-packages:/home/lukevizzini/arm_new/arm_code/build/arm_pwm_bridge:/home/lukevizzini/arm_new/arm_code/install/arm_pwm_bridge/lib/python3.10/site-packages:${PYTHONPATH} /usr/bin/cmake --build /home/lukevizzini/arm_new/arm_code/build/arm_launch -- -j8 -l8
[4.155s] Invoked command in '/home/lukevizzini/arm_new/arm_code/build/arm_launch' returned '0': AMENT_PREFIX_PATH=/home/lukevizzini/arm_new/arm_code/install/arm_bringup:/home/lukevizzini/arm_new/arm_code/install/arm_description:/home/lukevizzini/arm_new/arm_code/install/arm_teleop:/home/lukevizzini/arm_new/arm_code/install/arm_pwm_bridge:/home/lukevizzini/arm_new/arm_code/install/arm_config:${AMENT_PREFIX_PATH} CMAKE_PREFIX_PATH=/home/lukevizzini/arm_new/arm_code/install/arm_bringup:/home/lukevizzini/arm_new/arm_code/install/arm_description:/home/lukevizzini/arm_new/arm_code/install/arm_config:/opt/ros/humble PYTHONPATH=/home/lukevizzini/arm_new/arm_code/build/arm_teleop:/home/lukevizzini/arm_new/arm_code/install/arm_teleop/lib/python3.10/site-packages:/home/lukevizzini/arm_new/arm_code/build/arm_pwm_bridge:/home/lukevizzini/arm_new/arm_code/install/arm_pwm_bridge/lib/python3.10/site-packages:${PYTHONPATH} /usr/bin/cmake --build /home/lukevizzini/arm_new/arm_code/build/arm_launch -- -j8 -l8
[4.157s] Invoking command in '/home/lukevizzini/arm_new/arm_code/build/arm_launch': AMENT_PREFIX_PATH=/home/lukevizzini/arm_new/arm_code/install/arm_bringup:/home/lukevizzini/arm_new/arm_code/install/arm_description:/home/lukevizzini/arm_new/arm_code/install/arm_teleop:/home/lukevizzini/arm_new/arm_code/install/arm_pwm_bridge:/home/lukevizzini/arm_new/arm_code/install/arm_config:${AMENT_PREFIX_PATH} CMAKE_PREFIX_PATH=/home/lukevizzini/arm_new/arm_code/install/arm_bringup:/home/lukevizzini/arm_new/arm_code/install/arm_description:/home/lukevizzini/arm_new/arm_code/install/arm_config:/opt/ros/humble PYTHONPATH=/home/lukevizzini/arm_new/arm_code/build/arm_teleop:/home/lukevizzini/arm_new/arm_code/install/arm_teleop/lib/python3.10/site-packages:/home/lukevizzini/arm_new/arm_code/build/arm_pwm_bridge:/home/lukevizzini/arm_new/arm_code/install/arm_pwm_bridge/lib/python3.10/site-packages:${PYTHONPATH} /usr/bin/cmake --install /home/lukevizzini/arm_new/arm_code/build/arm_launch
[4.166s] -- Install configuration: ""
[4.167s] -- Execute custom install script
[4.169s] -- Symlinking: /home/lukevizzini/arm_new/arm_code/install/arm_launch/share/arm_launch/launch/display.launch.py
[4.180s] -- Symlinking: /home/lukevizzini/arm_new/arm_code/install/arm_launch/share/arm_launch/launch/hardware_teleop.launch.py
[4.189s] -- Symlinking: /home/lukevizzini/arm_new/arm_code/install/arm_launch/share/arm_launch/launch/keyboard_teleop.launch.py
[4.200s] -- Symlinking: /home/lukevizzini/arm_new/arm_code/install/arm_launch/share/arm_launch/launch/move_group.launch.py
[4.211s] -- Symlinking: /home/lukevizzini/arm_new/arm_code/install/arm_launch/share/ament_index/resource_index/package_run_dependencies/arm_launch
[4.223s] -- Symlinking: /home/lukevizzini/arm_new/arm_code/install/arm_launch/share/ament_index/resource_index/parent_prefix_path/arm_launch
[4.235s] -- Symlinking: /home/lukevizzini/arm_new/arm_code/install/arm_launch/share/arm_launch/environment/ament_prefix_path.sh
[4.246s] -- Symlinking: /home/lukevizzini/arm_new/arm_code/install/arm_launch/share/arm_launch/environment/ament_prefix_path.dsv
[4.256s] -- Symlinking: /home/lukevizzini/arm_new/arm_code/install/arm_launch/share/arm_launch/environment/path.sh
[4.266s] -- Symlinking: /home/lukevizzini/arm_new/arm_code/install/arm_launch/share/arm_launch/environment/path.dsv
[4.277s] -- Symlinking: /home/lukevizzini/arm_new/arm_code/install/arm_launch/share/arm_launch/local_setup.bash
[4.287s] -- Symlinking: /home/lukevizzini/arm_new/arm_code/install/arm_launch/share/arm_launch/local_setup.sh
[4.298s] -- Symlinking: /home/lukevizzini/arm_new/arm_code/install/arm_launch/share/arm_launch/local_setup.zsh
[4.310s] -- Symlinking: /home/lukevizzini/arm_new/arm_code/install/arm_launch/share/arm_launch/local_setup.dsv
[4.323s] -- Symlinking: /home/lukevizzini/arm_new/arm_code/install/arm_launch/share/arm_launch/package.dsv
[4.334s] -- Symlinking: /home/lukevizzini/arm_new/arm_code/install/arm_launch/share/ament_index/resource_index/packages/arm_launch
[4.346s] -- Symlinking: /home/lukevizzini/arm_new/arm_code/install/arm_launch/share/arm_launch/cmake/arm_launchConfig.cmake
[4.357s] -- Symlinking: /home/lukevizzini/arm_new/arm_code/install/arm_launch/share/arm_launch/cmake/arm_launchConfig-version.cmake
[4.367s] -- Symlinking: /home/lukevizzini/arm_new/arm_code/install/arm_launch/share/arm_launch/package.xml
[4.382s] Invoked command in '/home/lukevizzini/arm_new/arm_code/build/arm_launch' returned '0': AMENT_PREFIX_PATH=/home/lukevizzini/arm_new/arm_code/install/arm_bringup:/home/lukevizzini/arm_new/arm_code/install/arm_description:/home/lukevizzini/arm_new/arm_code/install/arm_teleop:/home/lukevizzini/arm_new/arm_code/install/arm_pwm_bridge:/home/lukevizzini/arm_new/arm_code/install/arm_config:${AMENT_PREFIX_PATH} CMAKE_PREFIX_PATH=/home/lukevizzini/arm_new/arm_code/install/arm_bringup:/home/lukevizzini/arm_new/arm_code/install/arm_description:/home/lukevizzini/arm_new/arm_code/install/arm_config:/opt/ros/humble PYTHONPATH=/home/lukevizzini/arm_new/arm_code/build/arm_teleop:/home/lukevizzini/arm_new/arm_code/install/arm_teleop/lib/python3.10/site-packages:/home/lukevizzini/arm_new/arm_code/build/arm_pwm_bridge:/home/lukevizzini/arm_new/arm_code/install/arm_pwm_bridge/lib/python3.10/site-packages:${PYTHONPATH} /usr/bin/cmake --install /home/lukevizzini/arm_new/arm_code/build/arm_launch
