[1.896s] Invoking command in '/home/lukevizzini/arm_new/arm_code/build/arm_teleop': PYTHONPATH=/home/lukevizzini/arm_new/arm_code/build/arm_teleop/prefix_override:/usr/lib/python3/dist-packages/colcon_core/task/python/colcon_distutils_commands:/home/lukevizzini/arm_new/arm_code/install/arm_teleop/lib/python3.10/site-packages:${PYTHONPATH} /usr/bin/python3 -W ignore:setup.py install is deprecated -W ignore:easy_install command is deprecated setup.py develop --editable --build-directory /home/lukevizzini/arm_new/arm_code/build/arm_teleop/build --no-deps symlink_data
[2.245s] running develop
[2.478s] running egg_info
[2.478s] creating arm_teleop.egg-info
[2.479s] writing arm_teleop.egg-info/PKG-INFO
[2.480s] writing dependency_links to arm_teleop.egg-info/dependency_links.txt
[2.480s] writing entry points to arm_teleop.egg-info/entry_points.txt
[2.480s] writing requirements to arm_teleop.egg-info/requires.txt
[2.481s] writing top-level names to arm_teleop.egg-info/top_level.txt
[2.481s] writing manifest file 'arm_teleop.egg-info/SOURCES.txt'
[2.483s] reading manifest file 'arm_teleop.egg-info/SOURCES.txt'
[2.484s] writing manifest file 'arm_teleop.egg-info/SOURCES.txt'
[2.486s] running build_ext
[2.486s] Creating /home/lukevizzini/arm_new/arm_code/install/arm_teleop/lib/python3.10/site-packages/arm-teleop.egg-link (link to .)
[2.488s] Installing joy_to_trajectory script to /home/lukevizzini/arm_new/arm_code/install/arm_teleop/lib/arm_teleop
[2.488s] Installing keyboard_to_joy script to /home/lukevizzini/arm_new/arm_code/install/arm_teleop/lib/arm_teleop
[2.489s] 
[2.489s] Installed /home/lukevizzini/arm_new/arm_code/build/arm_teleop
[2.489s] running symlink_data
[2.489s] creating /home/lukevizzini/arm_new/arm_code/install/arm_teleop/share/ament_index
[2.490s] creating /home/lukevizzini/arm_new/arm_code/install/arm_teleop/share/ament_index/resource_index
[2.490s] creating /home/lukevizzini/arm_new/arm_code/install/arm_teleop/share/ament_index/resource_index/packages
[2.490s] symbolically linking /home/lukevizzini/arm_new/arm_code/build/arm_teleop/resource/arm_teleop -> /home/lukevizzini/arm_new/arm_code/install/arm_teleop/share/ament_index/resource_index/packages
[2.491s] symbolically linking /home/lukevizzini/arm_new/arm_code/build/arm_teleop/package.xml -> /home/lukevizzini/arm_new/arm_code/install/arm_teleop/share/arm_teleop
[2.533s] Invoked command in '/home/lukevizzini/arm_new/arm_code/build/arm_teleop' returned '0': PYTHONPATH=/home/lukevizzini/arm_new/arm_code/build/arm_teleop/prefix_override:/usr/lib/python3/dist-packages/colcon_core/task/python/colcon_distutils_commands:/home/lukevizzini/arm_new/arm_code/install/arm_teleop/lib/python3.10/site-packages:${PYTHONPATH} /usr/bin/python3 -W ignore:setup.py install is deprecated -W ignore:easy_install command is deprecated setup.py develop --editable --build-directory /home/lukevizzini/arm_new/arm_code/build/arm_teleop/build --no-deps symlink_data
