-- The C compiler identification is GNU 11.4.0
-- The CXX compiler identification is GNU 11.4.0
-- Detecting C compiler ABI info
-- Detecting C compiler ABI info - done
-- Check for working C compiler: /usr/bin/cc - skipped
-- Detecting C compile features
-- Detecting C compile features - done
-- Detecting CXX compiler ABI info
-- Detecting CXX compiler ABI info - done
-- Check for working CXX compiler: /usr/bin/c++ - skipped
-- Detecting CXX compile features
-- Detecting CXX compile features - done
-- Found ament_cmake: 1.3.11 (/opt/ros/humble/share/ament_cmake/cmake)
-- Found Python3: /usr/bin/python3 (found version "3.10.12") found components: Interpreter 
-- Override CMake install command with custom implementation using symlinks instead of copying resources
-- Configuring done
-- Generating done
-- Build files have been written to: /home/lukevizzini/arm_new/arm_code/build/arm_config
-- Install configuration: ""
-- Execute custom install script
-- Symlinking: /home/lukevizzini/arm_new/arm_code/install/arm_config/share/arm_config/config/four_dof_arm.srdf
-- Symlinking: /home/lukevizzini/arm_new/arm_code/install/arm_config/share/arm_config/config/initial_positions.yaml
-- Symlinking: /home/lukevizzini/arm_new/arm_code/install/arm_config/share/arm_config/config/joint_limits.yaml
-- Symlinking: /home/lukevizzini/arm_new/arm_code/install/arm_config/share/arm_config/config/kinematics.yaml
-- Symlinking: /home/lukevizzini/arm_new/arm_code/install/arm_config/share/arm_config/config/moveit_controllers.yaml
-- Symlinking: /home/lukevizzini/arm_new/arm_code/install/arm_config/share/arm_config/config/ompl_planning.yaml
-- Symlinking: /home/lukevizzini/arm_new/arm_code/install/arm_config/share/arm_config/config/ros2_controllers.yaml
-- Symlinking: /home/lukevizzini/arm_new/arm_code/install/arm_config/share/ament_index/resource_index/package_run_dependencies/arm_config
-- Symlinking: /home/lukevizzini/arm_new/arm_code/install/arm_config/share/ament_index/resource_index/parent_prefix_path/arm_config
-- Symlinking: /home/lukevizzini/arm_new/arm_code/install/arm_config/share/arm_config/environment/ament_prefix_path.sh
-- Symlinking: /home/lukevizzini/arm_new/arm_code/install/arm_config/share/arm_config/environment/ament_prefix_path.dsv
-- Symlinking: /home/lukevizzini/arm_new/arm_code/install/arm_config/share/arm_config/environment/path.sh
-- Symlinking: /home/lukevizzini/arm_new/arm_code/install/arm_config/share/arm_config/environment/path.dsv
-- Symlinking: /home/lukevizzini/arm_new/arm_code/install/arm_config/share/arm_config/local_setup.bash
-- Symlinking: /home/lukevizzini/arm_new/arm_code/install/arm_config/share/arm_config/local_setup.sh
-- Symlinking: /home/lukevizzini/arm_new/arm_code/install/arm_config/share/arm_config/local_setup.zsh
-- Symlinking: /home/lukevizzini/arm_new/arm_code/install/arm_config/share/arm_config/local_setup.dsv
-- Symlinking: /home/lukevizzini/arm_new/arm_code/install/arm_config/share/arm_config/package.dsv
-- Symlinking: /home/lukevizzini/arm_new/arm_code/install/arm_config/share/ament_index/resource_index/packages/arm_config
-- Symlinking: /home/lukevizzini/arm_new/arm_code/install/arm_config/share/arm_config/cmake/arm_configConfig.cmake
-- Symlinking: /home/lukevizzini/arm_new/arm_code/install/arm_config/share/arm_config/cmake/arm_configConfig-version.cmake
-- Symlinking: /home/lukevizzini/arm_new/arm_code/install/arm_config/share/arm_config/package.xml
