-- The C compiler identification is GNU 11.4.0
-- The CXX compiler identification is GNU 11.4.0
-- Detecting C compiler ABI info
-- Detecting C compiler ABI info - done
-- Check for working C compiler: /usr/bin/cc - skipped
-- Detecting C compile features
-- Detecting C compile features - done
-- Detecting CXX compiler ABI info
-- Detecting CXX compiler ABI info - done
-- Check for working CXX compiler: /usr/bin/c++ - skipped
-- Detecting CXX compile features
-- Detecting CXX compile features - done
-- Found ament_cmake: 1.3.11 (/opt/ros/humble/share/ament_cmake/cmake)
-- Found Python3: /usr/bin/python3 (found version "3.10.12") found components: Interpreter 
-- Override CMake install command with custom implementation using symlinks instead of copying resources
-- Configuring done
-- Generating done
-- Build files have been written to: /home/lukevizzini/arm_new/arm_code/build/arm_description
-- Install configuration: ""
-- Execute custom install script
-- Symlinking: /home/lukevizzini/arm_new/arm_code/install/arm_description/share/arm_description/urdf/four_dof_arm.urdf.xacro
-- Symlinking: /home/lukevizzini/arm_new/arm_code/install/arm_description/share/arm_description/urdf/ros2_control.xacro
-- Symlinking: /home/lukevizzini/arm_new/arm_code/install/arm_description/share/arm_description/meshes/Link.STL
-- Symlinking: /home/lukevizzini/arm_new/arm_code/install/arm_description/share/arm_description/meshes/base_placeholder.stl
-- Symlinking: /home/lukevizzini/arm_new/arm_code/install/arm_description/share/arm_description/meshes/ee_placeholder.stl
-- Symlinking: /home/lukevizzini/arm_new/arm_code/install/arm_description/share/arm_description/meshes/link1_placeholder.stl
-- Symlinking: /home/lukevizzini/arm_new/arm_code/install/arm_description/share/arm_description/meshes/link2_placeholder.stl
-- Symlinking: /home/lukevizzini/arm_new/arm_code/install/arm_description/share/arm_description/meshes/link3_placeholder.stl
-- Symlinking: /home/lukevizzini/arm_new/arm_code/install/arm_description/share/arm_description/meshes/link4_placeholder.stl
-- Symlinking: /home/lukevizzini/arm_new/arm_code/install/arm_description/share/ament_index/resource_index/package_run_dependencies/arm_description
-- Symlinking: /home/lukevizzini/arm_new/arm_code/install/arm_description/share/ament_index/resource_index/parent_prefix_path/arm_description
-- Symlinking: /home/lukevizzini/arm_new/arm_code/install/arm_description/share/arm_description/environment/ament_prefix_path.sh
-- Symlinking: /home/lukevizzini/arm_new/arm_code/install/arm_description/share/arm_description/environment/ament_prefix_path.dsv
-- Symlinking: /home/lukevizzini/arm_new/arm_code/install/arm_description/share/arm_description/environment/path.sh
-- Symlinking: /home/lukevizzini/arm_new/arm_code/install/arm_description/share/arm_description/environment/path.dsv
-- Symlinking: /home/lukevizzini/arm_new/arm_code/install/arm_description/share/arm_description/local_setup.bash
-- Symlinking: /home/lukevizzini/arm_new/arm_code/install/arm_description/share/arm_description/local_setup.sh
-- Symlinking: /home/lukevizzini/arm_new/arm_code/install/arm_description/share/arm_description/local_setup.zsh
-- Symlinking: /home/lukevizzini/arm_new/arm_code/install/arm_description/share/arm_description/local_setup.dsv
-- Symlinking: /home/lukevizzini/arm_new/arm_code/install/arm_description/share/arm_description/package.dsv
-- Symlinking: /home/lukevizzini/arm_new/arm_code/install/arm_description/share/ament_index/resource_index/packages/arm_description
-- Symlinking: /home/lukevizzini/arm_new/arm_code/install/arm_description/share/arm_description/cmake/arm_descriptionConfig.cmake
-- Symlinking: /home/lukevizzini/arm_new/arm_code/install/arm_description/share/arm_description/cmake/arm_descriptionConfig-version.cmake
-- Symlinking: /home/lukevizzini/arm_new/arm_code/install/arm_description/share/arm_description/package.xml
