[0.192s] Invoking command in '/home/lukevizzini/arm_new/arm_code/build/arm_bringup': AMENT_PREFIX_PATH=/home/lukevizzini/arm_new/arm_code/install/arm_description:/home/lukevizzini/arm_new/arm_code/install/arm_config:${AMENT_PREFIX_PATH} CMAKE_PREFIX_PATH=/home/lukevizzini/arm_new/arm_code/install/arm_description:/home/lukevizzini/arm_new/arm_code/install/arm_config:/opt/ros/humble /usr/bin/cmake /home/lukevizzini/arm_new/arm_code/src/bringup -DAMENT_CMAKE_SYMLINK_INSTALL=1 -DCMAKE_INSTALL_PREFIX=/home/lukevizzini/arm_new/arm_code/install/arm_bringup
[0.499s] -- The C compiler identification is GNU 11.4.0
[1.590s] -- The CXX compiler identification is GNU 11.4.0
[2.301s] -- Detecting C compiler ABI info
[2.581s] -- Detecting C compiler ABI info - done
[2.590s] -- Check for working C compiler: /usr/bin/cc - skipped
[2.590s] -- Detecting C compile features
[2.590s] -- Detecting C compile features - done
[2.595s] -- Detecting CXX compiler ABI info
[2.870s] -- Detecting CXX compiler ABI info - done
[2.877s] -- Check for working CXX compiler: /usr/bin/c++ - skipped
[2.878s] -- Detecting CXX compile features
[2.878s] -- Detecting CXX compile features - done
[2.882s] -- Found ament_cmake: 1.3.11 (/opt/ros/humble/share/ament_cmake/cmake)
[3.049s] -- Found Python3: /usr/bin/python3 (found version "3.10.12") found components: Interpreter 
[3.120s] -- Override CMake install command with custom implementation using symlinks instead of copying resources
[3.227s] -- Configuring done
[3.232s] -- Generating done
[3.235s] -- Build files have been written to: /home/lukevizzini/arm_new/arm_code/build/arm_bringup
[3.240s] Invoked command in '/home/lukevizzini/arm_new/arm_code/build/arm_bringup' returned '0': AMENT_PREFIX_PATH=/home/lukevizzini/arm_new/arm_code/install/arm_description:/home/lukevizzini/arm_new/arm_code/install/arm_config:${AMENT_PREFIX_PATH} CMAKE_PREFIX_PATH=/home/lukevizzini/arm_new/arm_code/install/arm_description:/home/lukevizzini/arm_new/arm_code/install/arm_config:/opt/ros/humble /usr/bin/cmake /home/lukevizzini/arm_new/arm_code/src/bringup -DAMENT_CMAKE_SYMLINK_INSTALL=1 -DCMAKE_INSTALL_PREFIX=/home/lukevizzini/arm_new/arm_code/install/arm_bringup
[3.243s] Invoking command in '/home/lukevizzini/arm_new/arm_code/build/arm_bringup': AMENT_PREFIX_PATH=/home/lukevizzini/arm_new/arm_code/install/arm_description:/home/lukevizzini/arm_new/arm_code/install/arm_config:${AMENT_PREFIX_PATH} CMAKE_PREFIX_PATH=/home/lukevizzini/arm_new/arm_code/install/arm_description:/home/lukevizzini/arm_new/arm_code/install/arm_config:/opt/ros/humble /usr/bin/cmake --build /home/lukevizzini/arm_new/arm_code/build/arm_bringup -- -j8 -l8
[3.293s] Invoked command in '/home/lukevizzini/arm_new/arm_code/build/arm_bringup' returned '0': AMENT_PREFIX_PATH=/home/lukevizzini/arm_new/arm_code/install/arm_description:/home/lukevizzini/arm_new/arm_code/install/arm_config:${AMENT_PREFIX_PATH} CMAKE_PREFIX_PATH=/home/lukevizzini/arm_new/arm_code/install/arm_description:/home/lukevizzini/arm_new/arm_code/install/arm_config:/opt/ros/humble /usr/bin/cmake --build /home/lukevizzini/arm_new/arm_code/build/arm_bringup -- -j8 -l8
[3.296s] Invoking command in '/home/lukevizzini/arm_new/arm_code/build/arm_bringup': AMENT_PREFIX_PATH=/home/lukevizzini/arm_new/arm_code/install/arm_description:/home/lukevizzini/arm_new/arm_code/install/arm_config:${AMENT_PREFIX_PATH} CMAKE_PREFIX_PATH=/home/lukevizzini/arm_new/arm_code/install/arm_description:/home/lukevizzini/arm_new/arm_code/install/arm_config:/opt/ros/humble /usr/bin/cmake --install /home/lukevizzini/arm_new/arm_code/build/arm_bringup
[3.304s] -- Install configuration: ""
[3.304s] -- Execute custom install script
[3.306s] -- Symlinking: /home/lukevizzini/arm_new/arm_code/install/arm_bringup/share/arm_bringup/launch/ros2_control.launch.py
[3.320s] -- Symlinking: /home/lukevizzini/arm_new/arm_code/install/arm_bringup/share/ament_index/resource_index/package_run_dependencies/arm_bringup
[3.331s] -- Symlinking: /home/lukevizzini/arm_new/arm_code/install/arm_bringup/share/ament_index/resource_index/parent_prefix_path/arm_bringup
[3.341s] -- Symlinking: /home/lukevizzini/arm_new/arm_code/install/arm_bringup/share/arm_bringup/environment/ament_prefix_path.sh
[3.353s] -- Symlinking: /home/lukevizzini/arm_new/arm_code/install/arm_bringup/share/arm_bringup/environment/ament_prefix_path.dsv
[3.363s] -- Symlinking: /home/lukevizzini/arm_new/arm_code/install/arm_bringup/share/arm_bringup/environment/path.sh
[3.373s] -- Symlinking: /home/lukevizzini/arm_new/arm_code/install/arm_bringup/share/arm_bringup/environment/path.dsv
[3.388s] -- Symlinking: /home/lukevizzini/arm_new/arm_code/install/arm_bringup/share/arm_bringup/local_setup.bash
[3.397s] -- Symlinking: /home/lukevizzini/arm_new/arm_code/install/arm_bringup/share/arm_bringup/local_setup.sh
[3.406s] -- Symlinking: /home/lukevizzini/arm_new/arm_code/install/arm_bringup/share/arm_bringup/local_setup.zsh
[3.418s] -- Symlinking: /home/lukevizzini/arm_new/arm_code/install/arm_bringup/share/arm_bringup/local_setup.dsv
[3.430s] -- Symlinking: /home/lukevizzini/arm_new/arm_code/install/arm_bringup/share/arm_bringup/package.dsv
[3.444s] -- Symlinking: /home/lukevizzini/arm_new/arm_code/install/arm_bringup/share/ament_index/resource_index/packages/arm_bringup
[3.454s] -- Symlinking: /home/lukevizzini/arm_new/arm_code/install/arm_bringup/share/arm_bringup/cmake/arm_bringupConfig.cmake
[3.463s] -- Symlinking: /home/lukevizzini/arm_new/arm_code/install/arm_bringup/share/arm_bringup/cmake/arm_bringupConfig-version.cmake
[3.473s] -- Symlinking: /home/lukevizzini/arm_new/arm_code/install/arm_bringup/share/arm_bringup/package.xml
[3.487s] Invoked command in '/home/lukevizzini/arm_new/arm_code/build/arm_bringup' returned '0': AMENT_PREFIX_PATH=/home/lukevizzini/arm_new/arm_code/install/arm_description:/home/lukevizzini/arm_new/arm_code/install/arm_config:${AMENT_PREFIX_PATH} CMAKE_PREFIX_PATH=/home/lukevizzini/arm_new/arm_code/install/arm_description:/home/lukevizzini/arm_new/arm_code/install/arm_config:/opt/ros/humble /usr/bin/cmake --install /home/lukevizzini/arm_new/arm_code/build/arm_bringup
