[1.914s] Invoking command in '/home/lukevizzini/arm_new/arm_code/build/arm_pwm_bridge': PYTHONPATH=/home/lukevizzini/arm_new/arm_code/build/arm_pwm_bridge/prefix_override:/usr/lib/python3/dist-packages/colcon_core/task/python/colcon_distutils_commands:/home/lukevizzini/arm_new/arm_code/install/arm_pwm_bridge/lib/python3.10/site-packages:${PYTHONPATH} /usr/bin/python3 -W ignore:setup.py install is deprecated -W ignore:easy_install command is deprecated setup.py develop --editable --build-directory /home/lukevizzini/arm_new/arm_code/build/arm_pwm_bridge/build --no-deps symlink_data
[2.299s] running develop
[2.539s] running egg_info
[2.539s] creating arm_pwm_bridge.egg-info
[2.540s] writing arm_pwm_bridge.egg-info/PKG-INFO
[2.540s] writing dependency_links to arm_pwm_bridge.egg-info/dependency_links.txt
[2.540s] writing entry points to arm_pwm_bridge.egg-info/entry_points.txt
[2.541s] writing requirements to arm_pwm_bridge.egg-info/requires.txt
[2.541s] writing top-level names to arm_pwm_bridge.egg-info/top_level.txt
[2.541s] writing manifest file 'arm_pwm_bridge.egg-info/SOURCES.txt'
[2.545s] reading manifest file 'arm_pwm_bridge.egg-info/SOURCES.txt'
[2.545s] writing manifest file 'arm_pwm_bridge.egg-info/SOURCES.txt'
[2.547s] running build_ext
[2.548s] Creating /home/lukevizzini/arm_new/arm_code/install/arm_pwm_bridge/lib/python3.10/site-packages/arm-pwm-bridge.egg-link (link to .)
[2.549s] Installing joint_traj_to_pwm script to /home/lukevizzini/arm_new/arm_code/install/arm_pwm_bridge/lib/arm_pwm_bridge
[2.550s] 
[2.550s] Installed /home/lukevizzini/arm_new/arm_code/build/arm_pwm_bridge
[2.550s] running symlink_data
[2.551s] creating /home/lukevizzini/arm_new/arm_code/install/arm_pwm_bridge/share/ament_index
[2.551s] creating /home/lukevizzini/arm_new/arm_code/install/arm_pwm_bridge/share/ament_index/resource_index
[2.551s] creating /home/lukevizzini/arm_new/arm_code/install/arm_pwm_bridge/share/ament_index/resource_index/packages
[2.552s] symbolically linking /home/lukevizzini/arm_new/arm_code/build/arm_pwm_bridge/resource/arm_pwm_bridge -> /home/lukevizzini/arm_new/arm_code/install/arm_pwm_bridge/share/ament_index/resource_index/packages
[2.552s] symbolically linking /home/lukevizzini/arm_new/arm_code/build/arm_pwm_bridge/package.xml -> /home/lukevizzini/arm_new/arm_code/install/arm_pwm_bridge/share/arm_pwm_bridge
[2.552s] symbolically linking /home/lukevizzini/arm_new/arm_code/build/arm_pwm_bridge/README.md -> /home/lukevizzini/arm_new/arm_code/install/arm_pwm_bridge/share/arm_pwm_bridge
[2.552s] creating /home/lukevizzini/arm_new/arm_code/install/arm_pwm_bridge/share/arm_pwm_bridge/launch
[2.553s] symbolically linking /home/lukevizzini/arm_new/arm_code/build/arm_pwm_bridge/launch/pwm_bridge.launch.py -> /home/lukevizzini/arm_new/arm_code/install/arm_pwm_bridge/share/arm_pwm_bridge/launch
[2.595s] Invoked command in '/home/lukevizzini/arm_new/arm_code/build/arm_pwm_bridge' returned '0': PYTHONPATH=/home/lukevizzini/arm_new/arm_code/build/arm_pwm_bridge/prefix_override:/usr/lib/python3/dist-packages/colcon_core/task/python/colcon_distutils_commands:/home/lukevizzini/arm_new/arm_code/install/arm_pwm_bridge/lib/python3.10/site-packages:${PYTHONPATH} /usr/bin/python3 -W ignore:setup.py install is deprecated -W ignore:easy_install command is deprecated setup.py develop --editable --build-directory /home/lukevizzini/arm_new/arm_code/build/arm_pwm_bridge/build --no-deps symlink_data
